<?xml version="1.0" encoding="UTF-8"?>
<!-- Generated by org.testng.reporters.JUnitReportReporter -->
<testsuite hostname="HP" failures="0" tests="1" name="DataDrivenExamples.CorrectUserNameAndPassword" time="9.905" errors="0" timestamp="2022-11-23T19:36:50 IST" skipped="0">
  <testcase classname="DataDrivenExamples.CorrectUserNameAndPassword" name="ccorrectUserNameAndPassword" time="9.905"/>
  <system-out/>
</testsuite> <!-- DataDrivenExamples.CorrectUserNameAndPassword -->
