<?xml version="1.0" encoding="UTF-8"?>
<!-- Generated by org.testng.reporters.JUnitReportReporter -->
<testsuite hostname="HP" failures="0" tests="3" name="TestNG.DependenciesManagement" time="0.038" errors="0" timestamp="2022-11-10T02:51:25 IST" skipped="0">
  <testcase classname="TestNG.DependenciesManagement" name="higherSecondary" time="0.005"/>
  <system-out/>
  <testcase classname="TestNG.DependenciesManagement" name="highSchool" time="0.029"/>
  <system-out/>
  <testcase classname="TestNG.DependenciesManagement" name="college" time="0.004"/>
  <system-out/>
</testsuite> <!-- TestNG.DependenciesManagement -->
