<?xml version="1.0" encoding="UTF-8"?>
<!-- Generated by org.testng.reporters.JUnitReportReporter -->
<testsuite hostname="HP" failures="0" tests="4" name="dataDrivenExamples.LoginDataWithExcel" time="3.079" errors="0" timestamp="2022-12-01T00:39:35 IST" skipped="0">
  <testcase classname="dataDrivenExamples.LoginDataWithExcel" name="loginUserNameAndPassword" time="2.235"/>
  <system-out/>
  <testcase classname="dataDrivenExamples.LoginDataWithExcel" name="loginUserNameAndPassword" time="0.352"/>
  <system-out/>
  <testcase classname="dataDrivenExamples.LoginDataWithExcel" name="loginUserNameAndPassword" time="0.237"/>
  <system-out/>
  <testcase classname="dataDrivenExamples.LoginDataWithExcel" name="loginUserNameAndPassword" time="0.255"/>
  <system-out/>
</testsuite> <!-- dataDrivenExamples.LoginDataWithExcel -->
