<?xml version="1.0" encoding="UTF-8"?>
<!-- Generated by org.testng.reporters.JUnitReportReporter -->
<testsuite hostname="HP" failures="0" tests="8" name="TestNG.GroupingExample" time="0.046" errors="0" timestamp="2022-11-10T20:28:42 IST" skipped="0">
  <testcase classname="TestNG.GroupingExample" name="oneplus2" time="0.004"/>
  <system-out/>
  <testcase classname="TestNG.GroupingExample" name="oneplus1" time="0.004"/>
  <system-out/>
  <testcase classname="TestNG.GroupingExample" name="pixcel1" time="0.004"/>
  <system-out/>
  <testcase classname="TestNG.GroupingExample" name="apple2" time="0.004"/>
  <system-out/>
  <testcase classname="TestNG.GroupingExample" name="pixcel2" time="0.002"/>
  <system-out/>
  <testcase classname="TestNG.GroupingExample" name="samsung1" time="0.004"/>
  <system-out/>
  <testcase classname="TestNG.GroupingExample" name="samsung2" time="0.004"/>
  <system-out/>
  <testcase classname="TestNG.GroupingExample" name="apple1" time="0.020"/>
  <system-out/>
</testsuite> <!-- TestNG.GroupingExample -->
