<?xml version="1.0" encoding="UTF-8"?>
<!-- Generated by org.testng.reporters.JUnitReportReporter -->
<testsuite hostname="HP" failures="0" tests="3" name="TestNG.TestSuites" time="6.983" errors="0" timestamp="2022-11-10T02:14:56 IST" skipped="0">
  <testcase classname="TestNG.TestSuites" name="yahooBrowser" time="1.915"/>
  <system-out/>
  <testcase classname="TestNG.TestSuites" name="bingBrowser" time="2.645"/>
  <system-out/>
  <testcase classname="TestNG.TestSuites" name="chromeBrowswer" time="2.423"/>
  <system-out/>
</testsuite> <!-- TestNG.TestSuites -->
