<?xml version="1.0" encoding="UTF-8"?>
<!-- Generated by org.testng.reporters.JUnitReportReporter -->
<testsuite hostname="HP" failures="0" tests="2" name="TestNG.AnnotationHirarchyExample" time="0.027" errors="0" timestamp="2022-11-15T20:38:01 IST" skipped="0">
  <testcase classname="TestNG.AnnotationHirarchyExample" name="test1" time="0.022"/>
  <system-out/>
  <testcase classname="TestNG.AnnotationHirarchyExample" name="test2" time="0.005"/>
  <system-out/>
</testsuite> <!-- TestNG.AnnotationHirarchyExample -->
