<?xml version="1.0" encoding="UTF-8"?>
<!-- Generated by org.testng.reporters.JUnitReportReporter -->
<testsuite hostname="HP" failures="0" tests="1" name="TestNG.ParameterizationExample" time="0.017" errors="0" timestamp="2022-11-10T20:29:53 IST" skipped="0">
  <testcase classname="TestNG.ParameterizationExample" name="printName" time="0.017"/>
  <system-out/>
</testsuite> <!-- TestNG.ParameterizationExample -->
