<?xml version="1.0" encoding="UTF-8"?>
<!-- Generated by org.testng.reporters.JUnitReportReporter -->
<testsuite hostname="HP" failures="0" tests="5" name="TestNG.DriveABike" time="0.011" errors="0" timestamp="2022-11-10T02:51:25 IST" skipped="0">
  <testcase classname="TestNG.DriveABike" name="startABike" time="0.003"/>
  <system-out/>
  <testcase classname="TestNG.DriveABike" name="putFirstGear" time="0.003"/>
  <system-out/>
  <testcase classname="TestNG.DriveABike" name="putSecondGear" time="0.002"/>
  <system-out/>
  <testcase classname="TestNG.DriveABike" name="putThirdGear" time="0.001"/>
  <system-out/>
  <testcase classname="TestNG.DriveABike" name="putFourthGear" time="0.002"/>
  <system-out/>
</testsuite> <!-- TestNG.DriveABike -->
