<?xml version="1.0" encoding="UTF-8"?>
<!-- Generated by org.testng.reporters.JUnitReportReporter -->
<testsuite hostname="HP" failures="0" tests="1" name="TestNG.SampleTestCases" time="0.058" errors="0" timestamp="2022-11-15T23:53:15 IST" skipped="0">
  <testcase classname="TestNG.SampleTestCases" name="firstTestCase" time="0.058"/>
  <system-out/>
</testsuite> <!-- TestNG.SampleTestCases -->
