<?xml version="1.0" encoding="UTF-8"?>
<!-- Generated by org.testng.reporters.JUnitReportReporter -->
<testsuite hostname="HP" failures="0" tests="2" name="TestNG.ExtentReportsExample" time="35.100" errors="0" timestamp="2022-12-14T03:51:24 IST" skipped="0">
  <testcase classname="TestNG.ExtentReportsExample" name="openBing" time="26.536"/>
  <system-out/>
  <testcase classname="TestNG.ExtentReportsExample" name="openGoogle" time="8.564"/>
  <system-out/>
</testsuite> <!-- TestNG.ExtentReportsExample -->
