<?xml version="1.0" encoding="UTF-8"?>
<!-- Generated by org.testng.reporters.JUnitReportReporter -->
<testsuite hostname="HP" failures="0" tests="2" name="TestNG.ParallelTesting" time="17.911" errors="0" timestamp="2022-11-11T01:39:26 IST" skipped="0">
  <testcase classname="TestNG.ParallelTesting" name="openBing" time="7.830"/>
  <system-out/>
  <testcase classname="TestNG.ParallelTesting" name="openGoogle" time="10.081"/>
  <system-out/>
</testsuite> <!-- TestNG.ParallelTesting -->
