<?xml version="1.0" encoding="UTF-8"?>
<!-- Generated by org.testng.reporters.JUnitReportReporter -->
<testsuite hostname="HP" failures="0" tests="3" name="TestNG.SampleTestCasesExamples" time="0.031" errors="0" timestamp="2022-11-10T02:00:16 IST" skipped="0">
  <testcase classname="TestNG.SampleTestCasesExamples" name="thirdTestCase" time="0.004"/>
  <system-out/>
  <testcase classname="TestNG.SampleTestCasesExamples" name="secondTestCase" time="0.002"/>
  <system-out/>
  <testcase classname="TestNG.SampleTestCasesExamples" name="firstTestCase" time="0.025"/>
  <system-out/>
</testsuite> <!-- TestNG.SampleTestCasesExamples -->
