<?xml version="1.0" encoding="UTF-8"?>
<!-- Generated by org.testng.reporters.JUnitReportReporter -->
<testsuite hostname="HP" failures="0" tests="1" name="DataDrivenExamples.BothWrongUserNameAndPassword" time="6.296" errors="0" timestamp="2022-11-23T20:42:22 IST" skipped="0">
  <testcase classname="DataDrivenExamples.BothWrongUserNameAndPassword" name="bothWrongUserNameAndPassword" time="6.296"/>
  <system-out/>
</testsuite> <!-- DataDrivenExamples.BothWrongUserNameAndPassword -->
