<?xml version="1.0" encoding="UTF-8"?>
<!-- Generated by org.testng.reporters.JUnitReportReporter -->
<testsuite hostname="HP" failures="0" tests="4" name="dataDrivenExamples.LogIn$logInData" time="24.002" errors="0" timestamp="2022-12-01T00:13:25 IST" skipped="0">
  <testcase classname="dataDrivenExamples.LogIn$logInData" name="loginUserNameAndPassword" time="4.867"/>
  <system-out/>
  <testcase classname="dataDrivenExamples.LogIn$logInData" name="loginUserNameAndPassword" time="5.099"/>
  <system-out/>
  <testcase classname="dataDrivenExamples.LogIn$logInData" name="loginUserNameAndPassword" time="9.555"/>
  <system-out/>
  <testcase classname="dataDrivenExamples.LogIn$logInData" name="loginUserNameAndPassword" time="4.481"/>
  <system-out/>
</testsuite> <!-- dataDrivenExamples.LogIn$logInData -->
