<?xml version="1.0" encoding="UTF-8"?>
<!-- Generated by org.testng.reporters.JUnitReportReporter -->
<testsuite hostname="HP" failures="0" tests="6" name="TestNG.SkipATestcase" time="0.021" errors="0" timestamp="2022-11-10T02:51:25 IST" skipped="0">
  <testcase classname="TestNG.SkipATestcase" name="startABike" time="0.004"/>
  <system-out/>
  <testcase classname="TestNG.SkipATestcase" name="putTheHeadLigt" time="0.004"/>
  <system-out/>
  <testcase classname="TestNG.SkipATestcase" name="putFirstGear" time="0.005"/>
  <system-out/>
  <testcase classname="TestNG.SkipATestcase" name="putSecondGear" time="0.002"/>
  <system-out/>
  <testcase classname="TestNG.SkipATestcase" name="putThirdGear" time="0.002"/>
  <system-out/>
  <testcase classname="TestNG.SkipATestcase" name="putFourthGear" time="0.004"/>
  <system-out/>
</testsuite> <!-- TestNG.SkipATestcase -->
