<?xml version="1.0" encoding="UTF-8"?>
<!-- Generated by org.testng.reporters.JUnitReportReporter -->
<testsuite hostname="HP" failures="0" tests="1" name="com.SeleniumInterviewQuestions.HandlingExceptionExample" time="2.025" errors="0" timestamp="2022-11-16T02:09:49 IST" skipped="0">
  <testcase classname="com.SeleniumInterviewQuestions.HandlingExceptionExample" name="test" time="2.025"/>
  <system-out/>
</testsuite> <!-- com.SeleniumInterviewQuestions.HandlingExceptionExample -->
