<?xml version="1.0" encoding="UTF-8"?>
<!-- Generated by org.testng.reporters.JUnitReportReporter -->
<testsuite hostname="HP" failures="0" tests="3" name="testNG.OpenBrowser" time="4.312" errors="0" timestamp="2022-11-08T20:32:29 IST" skipped="0">
  <testcase classname="testNG.OpenBrowser" name="yahooBrowser" time="0.790"/>
  <system-out/>
  <testcase classname="testNG.OpenBrowser" name="bingBrowser" time="1.803"/>
  <system-out/>
  <testcase classname="testNG.OpenBrowser" name="chromeBrowswer" time="1.719"/>
  <system-out/>
</testsuite> <!-- testNG.OpenBrowser -->
