<?xml version="1.0" encoding="UTF-8"?>
<!-- Generated by org.testng.reporters.JUnitReportReporter -->
<testsuite hostname="HP" failures="0" tests="3" name="testNG.SampleTestcase" time="0.027" errors="0" timestamp="2022-11-07T23:22:46 IST" skipped="0">
  <testcase classname="testNG.SampleTestcase" name="secondTestCase" time="0.003"/>
  <system-out/>
  <testcase classname="testNG.SampleTestcase" name="thirdTestCase" time="0.003"/>
  <system-out/>
  <testcase classname="testNG.SampleTestcase" name="firstTestCase" time="0.021"/>
  <system-out/>
</testsuite> <!-- testNG.SampleTestcase -->
