<?xml version="1.0" encoding="UTF-8"?>
<!-- Generated by org.testng.reporters.JUnitReportReporter -->
<testsuite hostname="HP" failures="0" tests="1" name="DataDrivenExamples.CorrectPassword" time="5.637" errors="0" timestamp="2022-11-23T23:25:48 IST" skipped="0">
  <testcase classname="DataDrivenExamples.CorrectPassword" name="correctPassword" time="5.637"/>
  <system-out/>
</testsuite> <!-- DataDrivenExamples.CorrectPassword -->
