<?xml version="1.0" encoding="UTF-8"?>
<!-- Generated by org.testng.reporters.JUnitReportReporter -->
<testsuite hostname="HP" failures="0" tests="1" name="pageObjectModel.LogOutTestcase" time="41.055" errors="0" timestamp="2022-12-02T03:35:16 IST" skipped="0">
  <testcase classname="pageObjectModel.LogOutTestcase" name="logOut" time="41.055"/>
  <system-out/>
</testsuite> <!-- pageObjectModel.LogOutTestcase -->
