<?xml version="1.0" encoding="UTF-8"?>
<!-- Generated by org.testng.reporters.JUnitReportReporter -->
<testsuite hostname="HP" failures="0" tests="1" name="pageObjectModel.LoginTestCase" time="12.759" errors="0" timestamp="2022-12-02T03:20:07 IST" skipped="0">
  <testcase classname="pageObjectModel.LoginTestCase" name="login" time="12.759"/>
  <system-out/>
</testsuite> <!-- pageObjectModel.LoginTestCase -->
