<?xml version="1.0" encoding="UTF-8"?>
<!-- Generated by org.testng.reporters.JUnitReportReporter -->
<testsuite hostname="HP" failures="0" tests="1" name="pageObjectModel.OpenHRM" time="14.326" errors="0" timestamp="2022-12-07T02:20:38 IST" skipped="0">
  <testcase classname="pageObjectModel.OpenHRM" name="openHRM" time="14.326"/>
  <system-out/>
</testsuite> <!-- pageObjectModel.OpenHRM -->
