<?xml version="1.0" encoding="UTF-8"?>
<!-- Generated by org.testng.reporters.JUnitReportReporter -->
<testsuite hostname="HP" failures="0" tests="1" name="DataDrivenExamples.BothCorrectUserNameAndPassword" time="14.298" errors="0" timestamp="2022-11-23T20:42:22 IST" skipped="0">
  <testcase classname="DataDrivenExamples.BothCorrectUserNameAndPassword" name="BothCorrectUserNamePassword" time="14.298"/>
  <system-out/>
</testsuite> <!-- DataDrivenExamples.BothCorrectUserNameAndPassword -->
