<?xml version="1.0" encoding="UTF-8"?>
<!-- Generated by org.testng.reporters.JUnitReportReporter -->
<testsuite hostname="HP" failures="0" tests="3" name="com.SeleniumInterviewQuestions.TestMultipleTimes" time="0.030" errors="0" timestamp="2022-11-16T00:56:55 IST" skipped="0">
  <testcase classname="com.SeleniumInterviewQuestions.TestMultipleTimes" name="test" time="0.020"/>
  <system-out/>
  <testcase classname="com.SeleniumInterviewQuestions.TestMultipleTimes" name="test" time="0.005"/>
  <system-out/>
  <testcase classname="com.SeleniumInterviewQuestions.TestMultipleTimes" name="test" time="0.005"/>
  <system-out/>
</testsuite> <!-- com.SeleniumInterviewQuestions.TestMultipleTimes -->
